0 info it worked if it ends with ok
1 verbose cli [ 'D:\\node\\node.exe',
1 verbose cli   'D:\\node\\node_modules\\npm\\bin\\npm-cli.js',
1 verbose cli   'start' ]
2 info using npm@3.10.9
3 info using node@v6.9.2
4 verbose run-script [ 'prestart', 'start', 'poststart' ]
5 info lifecycle node_fish@0.0.0~prestart: node_fish@0.0.0
6 silly lifecycle node_fish@0.0.0~prestart: no script for prestart, continuing
7 info lifecycle node_fish@0.0.0~start: node_fish@0.0.0
8 verbose lifecycle node_fish@0.0.0~start: unsafe-perm in lifecycle true
9 verbose lifecycle node_fish@0.0.0~start: PATH: D:\node\node_modules\npm\bin\node-gyp-bin;E:\Dropbox\azure\node_fishtank\node_modules\.bin;C:\ProgramData\Oracle\Java\javapath;C:\Program Files (x86)\Intel\iCLS Client\;C:\Program Files\Intel\iCLS Client\;C:\Windows\system32;C:\Windows;C:\Windows\System32\Wbem;C:\Windows\System32\WindowsPowerShell\v1.0\;C:\Program Files\Intel\Intel(R) Management Engine Components\DAL;C:\Program Files\Intel\Intel(R) Management Engine Components\IPT;C:\Program Files (x86)\Intel\Intel(R) Management Engine Components\DAL;C:\Program Files (x86)\Intel\Intel(R) Management Engine Components\IPT;C:\Program Files (x86)\AMD\ATI.ACE\Core-Static;D:\xampp\php;C:\Program Files\Microsoft\Web Platform Installer\;C:\Program Files\Microsoft SQL Server\120\Tools\Binn\;C:\Program Files (x86)\Windows Kits\10\Windows Performance Toolkit\;C:\Program Files\Git\cmd;E:\xamp\php;C:\ProgramData\ComposerSetup\bin;D:\node\;C:\Program Files (x86)\Skype\Phone\;C:\Users\tony\AppData\Local\atom\bin;C:\Python27;C:\Python27\Scripts;E:\xamp\php;C:\Users\tony\AppData\Roaming\Composer\vendor\bin;C:\Users\tony\AppData\Roaming\npm;E:\Microsoft VS Code\bin
10 verbose lifecycle node_fish@0.0.0~start: CWD: E:\Dropbox\azure\node_fishtank
11 silly lifecycle node_fish@0.0.0~start: Args: [ '/d /s /c', 'node ./bin/www' ]
12 silly lifecycle node_fish@0.0.0~start: Returned: code: 1  signal: null
13 info lifecycle node_fish@0.0.0~start: Failed to exec start script
14 verbose stack Error: node_fish@0.0.0 start: `node ./bin/www`
14 verbose stack Exit status 1
14 verbose stack     at EventEmitter.<anonymous> (D:\node\node_modules\npm\lib\utils\lifecycle.js:255:16)
14 verbose stack     at emitTwo (events.js:106:13)
14 verbose stack     at EventEmitter.emit (events.js:191:7)
14 verbose stack     at ChildProcess.<anonymous> (D:\node\node_modules\npm\lib\utils\spawn.js:40:14)
14 verbose stack     at emitTwo (events.js:106:13)
14 verbose stack     at ChildProcess.emit (events.js:191:7)
14 verbose stack     at maybeClose (internal/child_process.js:877:16)
14 verbose stack     at Process.ChildProcess._handle.onexit (internal/child_process.js:226:5)
15 verbose pkgid node_fish@0.0.0
16 verbose cwd E:\Dropbox\azure\node_fishtank
17 error Windows_NT 6.1.7601
18 error argv "D:\\node\\node.exe" "D:\\node\\node_modules\\npm\\bin\\npm-cli.js" "start"
19 error node v6.9.2
20 error npm  v3.10.9
21 error code ELIFECYCLE
22 error node_fish@0.0.0 start: `node ./bin/www`
22 error Exit status 1
23 error Failed at the node_fish@0.0.0 start script 'node ./bin/www'.
23 error Make sure you have the latest version of node.js and npm installed.
23 error If you do, this is most likely a problem with the node_fish package,
23 error not with npm itself.
23 error Tell the author that this fails on your system:
23 error     node ./bin/www
23 error You can get information on how to open an issue for this project with:
23 error     npm bugs node_fish
23 error Or if that isn't available, you can get their info via:
23 error     npm owner ls node_fish
23 error There is likely additional logging output above.
24 verbose exit [ 1, true ]
